2021-10-07 07:22:28,691,INFO,org.springframework.boot.StartupInfoLogger,[main],Starting SareetaApplicationTests on BIOS-PC with PID 10624 (started by JavaEE in D:\udacity\java-web-nano\final_project\nd035-c4-Security-and-DevOps\starter_code)
2021-10-07 07:22:28,700,INFO,org.springframework.boot.SpringApplication,[main],No active profile set, falling back to default profiles: default
2021-10-07 07:22:30,715,INFO,org.springframework.data.repository.config.RepositoryConfigurationDelegate,[main],Bootstrapping Spring Data repositories in DEFAULT mode.
2021-10-07 07:22:31,055,INFO,org.springframework.data.repository.config.RepositoryConfigurationDelegate,[main],Finished Spring Data repository scanning in 305ms. Found 4 repository interfaces.
2021-10-07 07:22:34,033,INFO,org.springframework.context.support.PostProcessorRegistrationDelegate$BeanPostProcessorChecker,[main],Bean 'org.springframework.transaction.annotation.ProxyTransactionManagementConfiguration' of type [org.springframework.transaction.annotation.ProxyTransactionManagementConfiguration$$EnhancerBySpringCGLIB$$b54f6e41] is not eligible for getting processed by all BeanPostProcessors (for example: not eligible for auto-proxying)
2021-10-07 07:22:35,225,INFO,com.zaxxer.hikari.HikariDataSource,[main],HikariPool-1 - Starting...
2021-10-07 07:22:35,823,INFO,com.zaxxer.hikari.HikariDataSource,[main],HikariPool-1 - Start completed.
2021-10-07 07:22:36,105,INFO,org.hibernate.jpa.internal.util.LogHelper,[main],HHH000204: Processing PersistenceUnitInfo [
	name: default
	...]
2021-10-07 07:22:36,394,INFO,org.hibernate.Version,[main],HHH000412: Hibernate Core {5.3.10.Final}
2021-10-07 07:22:36,399,INFO,org.hibernate.cfg.Environment,[main],HHH000206: hibernate.properties not found
2021-10-07 07:22:36,662,INFO,org.hibernate.annotations.common.reflection.java.JavaReflectionManager,[main],HCANN000001: Hibernate Commons Annotations {5.0.4.Final}
2021-10-07 07:22:37,446,INFO,org.hibernate.dialect.Dialect,[main],HHH000400: Using dialect: org.hibernate.dialect.H2Dialect
2021-10-07 07:22:39,117,INFO,org.springframework.orm.jpa.AbstractEntityManagerFactoryBean,[main],Initialized JPA EntityManagerFactory for persistence unit 'default'
2021-10-07 07:22:41,390,WARN,org.springframework.boot.autoconfigure.orm.jpa.JpaBaseConfiguration$JpaWebConfiguration$JpaWebMvcConfiguration,[main],spring.jpa.open-in-view is enabled by default. Therefore, database queries may be performed during view rendering. Explicitly configure spring.jpa.open-in-view to disable this warning
2021-10-07 07:22:41,887,INFO,org.springframework.security.web.DefaultSecurityFilterChain,[main],Creating filter chain: any request, [org.springframework.security.web.context.request.async.WebAsyncManagerIntegrationFilter@435a2c7d, org.springframework.security.web.context.SecurityContextPersistenceFilter@7f5f7731, org.springframework.security.web.header.HeaderWriterFilter@1c06f19c, org.springframework.web.filter.CorsFilter@57806346, org.springframework.security.web.authentication.logout.LogoutFilter@3b3190fd, com.example.demo.security.JWTAuthenticationFilter@40416321, com.example.demo.security.JWTAuthenticationVerficationFilter@3ab70d34, org.springframework.security.web.savedrequest.RequestCacheAwareFilter@563392e5, org.springframework.security.web.servletapi.SecurityContextHolderAwareRequestFilter@74faf450, org.springframework.security.web.authentication.AnonymousAuthenticationFilter@289cf7db, org.springframework.security.web.session.SessionManagementFilter@7aaf6bfd, org.springframework.security.web.access.ExceptionTranslationFilter@19855799, org.springframework.security.web.access.intercept.FilterSecurityInterceptor@152dbf8e]
2021-10-07 07:22:43,245,INFO,org.springframework.scheduling.concurrent.ExecutorConfigurationSupport,[main],Initializing ExecutorService 'applicationTaskExecutor'
2021-10-07 07:22:44,325,INFO,org.springframework.boot.StartupInfoLogger,[main],Started SareetaApplicationTests in 16.918 seconds (JVM running for 20.594)
2021-10-07 07:22:44,465,INFO,org.springframework.scheduling.concurrent.ExecutorConfigurationSupport,[Thread-2],Shutting down ExecutorService 'applicationTaskExecutor'
2021-10-07 07:22:44,479,INFO,org.springframework.orm.jpa.AbstractEntityManagerFactoryBean,[Thread-2],Closing JPA EntityManagerFactory for persistence unit 'default'
2021-10-07 07:22:44,487,INFO,com.zaxxer.hikari.HikariDataSource,[Thread-2],HikariPool-1 - Shutdown initiated...
2021-10-07 07:22:44,505,INFO,com.zaxxer.hikari.HikariDataSource,[Thread-2],HikariPool-1 - Shutdown completed.
2021-10-07 07:45:24,804,INFO,org.springframework.boot.StartupInfoLogger,[main],Starting SareetaApplicationTests on BIOS-PC with PID 12212 (started by JavaEE in D:\udacity\java-web-nano\final_project\nd035-c4-Security-and-DevOps\starter_code)
2021-10-07 07:45:24,810,INFO,org.springframework.boot.SpringApplication,[main],No active profile set, falling back to default profiles: default
2021-10-07 07:45:27,458,INFO,org.springframework.data.repository.config.RepositoryConfigurationDelegate,[main],Bootstrapping Spring Data repositories in DEFAULT mode.
2021-10-07 07:45:27,742,INFO,org.springframework.data.repository.config.RepositoryConfigurationDelegate,[main],Finished Spring Data repository scanning in 257ms. Found 4 repository interfaces.
2021-10-07 07:45:30,264,INFO,org.springframework.context.support.PostProcessorRegistrationDelegate$BeanPostProcessorChecker,[main],Bean 'org.springframework.transaction.annotation.ProxyTransactionManagementConfiguration' of type [org.springframework.transaction.annotation.ProxyTransactionManagementConfiguration$$EnhancerBySpringCGLIB$$c75a7fcd] is not eligible for getting processed by all BeanPostProcessors (for example: not eligible for auto-proxying)
2021-10-07 07:45:31,509,INFO,com.zaxxer.hikari.HikariDataSource,[main],HikariPool-1 - Starting...
2021-10-07 07:45:32,494,INFO,com.zaxxer.hikari.HikariDataSource,[main],HikariPool-1 - Start completed.
2021-10-07 07:45:32,968,INFO,org.hibernate.jpa.internal.util.LogHelper,[main],HHH000204: Processing PersistenceUnitInfo [
	name: default
	...]
2021-10-07 07:45:33,257,INFO,org.hibernate.Version,[main],HHH000412: Hibernate Core {5.3.10.Final}
2021-10-07 07:45:33,262,INFO,org.hibernate.cfg.Environment,[main],HHH000206: hibernate.properties not found
2021-10-07 07:45:33,469,INFO,org.hibernate.annotations.common.reflection.java.JavaReflectionManager,[main],HCANN000001: Hibernate Commons Annotations {5.0.4.Final}
2021-10-07 07:45:34,378,INFO,org.hibernate.dialect.Dialect,[main],HHH000400: Using dialect: org.hibernate.dialect.H2Dialect
2021-10-07 07:45:36,765,INFO,org.springframework.orm.jpa.AbstractEntityManagerFactoryBean,[main],Initialized JPA EntityManagerFactory for persistence unit 'default'
2021-10-07 07:45:39,814,WARN,org.springframework.boot.autoconfigure.orm.jpa.JpaBaseConfiguration$JpaWebConfiguration$JpaWebMvcConfiguration,[main],spring.jpa.open-in-view is enabled by default. Therefore, database queries may be performed during view rendering. Explicitly configure spring.jpa.open-in-view to disable this warning
2021-10-07 07:45:40,573,INFO,org.springframework.security.web.DefaultSecurityFilterChain,[main],Creating filter chain: any request, [org.springframework.security.web.context.request.async.WebAsyncManagerIntegrationFilter@3ab70d34, org.springframework.security.web.context.SecurityContextPersistenceFilter@584fb03d, org.springframework.security.web.header.HeaderWriterFilter@7aaf6bfd, org.springframework.web.filter.CorsFilter@289cf7db, org.springframework.security.web.authentication.logout.LogoutFilter@66859ea9, com.example.demo.security.JWTAuthenticationFilter@7c523bdd, com.example.demo.security.JWTAuthenticationVerficationFilter@3741071d, org.springframework.security.web.savedrequest.RequestCacheAwareFilter@43efe064, org.springframework.security.web.servletapi.SecurityContextHolderAwareRequestFilter@49005dc4, org.springframework.security.web.authentication.AnonymousAuthenticationFilter@351d726c, org.springframework.security.web.session.SessionManagementFilter@61aa6300, org.springframework.security.web.access.ExceptionTranslationFilter@5020b59f, org.springframework.security.web.access.intercept.FilterSecurityInterceptor@626b9092]
2021-10-07 07:45:42,182,INFO,org.springframework.scheduling.concurrent.ExecutorConfigurationSupport,[main],Initializing ExecutorService 'applicationTaskExecutor'
2021-10-07 07:45:45,044,INFO,org.springframework.boot.StartupInfoLogger,[main],Started SareetaApplicationTests in 21.427 seconds (JVM running for 27.619)
2021-10-07 07:45:45,754,INFO,org.springframework.scheduling.concurrent.ExecutorConfigurationSupport,[Thread-2],Shutting down ExecutorService 'applicationTaskExecutor'
2021-10-07 07:45:45,762,INFO,org.springframework.orm.jpa.AbstractEntityManagerFactoryBean,[Thread-2],Closing JPA EntityManagerFactory for persistence unit 'default'
2021-10-07 07:45:45,769,INFO,com.zaxxer.hikari.HikariDataSource,[Thread-2],HikariPool-1 - Shutdown initiated...
2021-10-07 07:45:45,783,INFO,com.zaxxer.hikari.HikariDataSource,[Thread-2],HikariPool-1 - Shutdown completed.
